[debug] [2021-06-06T09:53:58.995Z] ----------------------------------------------------------------------
[debug] [2021-06-06T09:53:58.996Z] Command:       /Users/user/.nodebrew/node/v16.2.0/bin/node /Users/user/.nodebrew/current/bin/firebase deploy
[debug] [2021-06-06T09:53:58.996Z] CLI Version:   9.12.0
[debug] [2021-06-06T09:53:58.996Z] Platform:      darwin
[debug] [2021-06-06T09:53:58.996Z] Node Version:  v16.2.0
[debug] [2021-06-06T09:53:59.000Z] Time:          Sun Jun 06 2021 18:53:58 GMT+0900 (日本標準時)
[debug] [2021-06-06T09:53:59.000Z] ----------------------------------------------------------------------
[debug] 
[debug] [2021-06-06T09:53:59.003Z] > command requires scopes: ["email","openid","https://www.googleapis.com/auth/cloudplatformprojects.readonly","https://www.googleapis.com/auth/firebase","https://www.googleapis.com/auth/cloud-platform"]
[debug] [2021-06-06T09:53:59.003Z] > authorizing via signed-in user (gibson511511@gmail.com)
[debug] [2021-06-06T09:53:59.004Z] [iam] checking project ec-app-483f0 for permissions ["cloudfunctions.functions.create","cloudfunctions.functions.delete","cloudfunctions.functions.get","cloudfunctions.functions.list","cloudfunctions.functions.update","cloudfunctions.operations.get","datastore.indexes.create","datastore.indexes.delete","datastore.indexes.list","datastore.indexes.update","firebase.projects.get","firebasehosting.sites.update","firebaserules.releases.create","firebaserules.releases.update","firebaserules.rulesets.create"]
[debug] [2021-06-06T09:53:59.005Z] > refreshing access token with scopes: ["email","https://www.googleapis.com/auth/cloud-platform","https://www.googleapis.com/auth/cloudplatformprojects.readonly","https://www.googleapis.com/auth/firebase","openid"]
[debug] [2021-06-06T09:53:59.005Z] >>> HTTP REQUEST POST https://www.googleapis.com/oauth2/v3/token  
 <request body omitted>
[debug] [2021-06-06T09:53:59.181Z] <<< HTTP RESPONSE 200 {"date":"Sun, 06 Jun 2021 09:53:59 GMT","expires":"Mon, 01 Jan 1990 00:00:00 GMT","cache-control":"no-cache, no-store, max-age=0, must-revalidate","pragma":"no-cache","content-type":"application/json; charset=utf-8","vary":"X-Origin, Referer, Origin,Accept-Encoding","server":"scaffolding on HTTPServer2","x-xss-protection":"0","x-frame-options":"SAMEORIGIN","x-content-type-options":"nosniff","alt-svc":"h3-29=\":443\"; ma=2592000,h3-T051=\":443\"; ma=2592000,h3-Q050=\":443\"; ma=2592000,h3-Q046=\":443\"; ma=2592000,h3-Q043=\":443\"; ma=2592000,quic=\":443\"; ma=2592000; v=\"46,43\"","accept-ranges":"none","transfer-encoding":"chunked"}
[debug] [2021-06-06T09:53:59.359Z] >>> HTTP REQUEST POST https://cloudresourcemanager.googleapis.com/v1/projects/ec-app-483f0:testIamPermissions  
 {"permissions":["cloudfunctions.functions.create","cloudfunctions.functions.delete","cloudfunctions.functions.get","cloudfunctions.functions.list","cloudfunctions.functions.update","cloudfunctions.operations.get","datastore.indexes.create","datastore.indexes.delete","datastore.indexes.list","datastore.indexes.update","firebase.projects.get","firebasehosting.sites.update","firebaserules.releases.create","firebaserules.releases.update","firebaserules.rulesets.create"]}
[debug] [2021-06-06T09:54:00.039Z] <<< HTTP RESPONSE 200 {"content-type":"application/json; charset=UTF-8","vary":"X-Origin, Referer, Origin,Accept-Encoding","date":"Sun, 06 Jun 2021 09:54:00 GMT","server":"ESF","cache-control":"private","x-xss-protection":"0","x-frame-options":"SAMEORIGIN","x-content-type-options":"nosniff","server-timing":"gfet4t7; dur=558","alt-svc":"h3-29=\":443\"; ma=2592000,h3-T051=\":443\"; ma=2592000,h3-Q050=\":443\"; ma=2592000,h3-Q046=\":443\"; ma=2592000,h3-Q043=\":443\"; ma=2592000,quic=\":443\"; ma=2592000; v=\"46,43\"","accept-ranges":"none","transfer-encoding":"chunked"}
[debug] [2021-06-06T09:54:00.081Z] >>> HTTP REQUEST POST https://iam.googleapis.com/v1/projects/ec-app-483f0/serviceAccounts/ec-app-483f0@appspot.gserviceaccount.com:testIamPermissions  
 {"permissions":["iam.serviceAccounts.actAs"]}
[debug] [2021-06-06T09:54:00.844Z] <<< HTTP RESPONSE 200 {"content-type":"application/json; charset=UTF-8","vary":"X-Origin, Referer, Origin,Accept-Encoding","date":"Sun, 06 Jun 2021 09:54:00 GMT","server":"ESF","cache-control":"private","x-xss-protection":"0","x-frame-options":"SAMEORIGIN","x-content-type-options":"nosniff","alt-svc":"h3-29=\":443\"; ma=2592000,h3-T051=\":443\"; ma=2592000,h3-Q050=\":443\"; ma=2592000,h3-Q046=\":443\"; ma=2592000,h3-Q043=\":443\"; ma=2592000,quic=\":443\"; ma=2592000; v=\"46,43\"","accept-ranges":"none","transfer-encoding":"chunked"}
[debug] [2021-06-06T09:54:00.878Z] > refreshing access token with scopes: []
[debug] [2021-06-06T09:54:00.879Z] >>> HTTP REQUEST POST https://www.googleapis.com/oauth2/v3/token  
 <request body omitted>
[debug] [2021-06-06T09:54:01.070Z] <<< HTTP RESPONSE 200 {"cache-control":"no-cache, no-store, max-age=0, must-revalidate","expires":"Mon, 01 Jan 1990 00:00:00 GMT","pragma":"no-cache","date":"Sun, 06 Jun 2021 09:54:01 GMT","content-type":"application/json; charset=utf-8","vary":"X-Origin, Referer, Origin,Accept-Encoding","server":"scaffolding on HTTPServer2","x-xss-protection":"0","x-frame-options":"SAMEORIGIN","x-content-type-options":"nosniff","alt-svc":"h3-29=\":443\"; ma=2592000,h3-T051=\":443\"; ma=2592000,h3-Q050=\":443\"; ma=2592000,h3-Q046=\":443\"; ma=2592000,h3-Q043=\":443\"; ma=2592000,quic=\":443\"; ma=2592000; v=\"46,43\"","accept-ranges":"none","transfer-encoding":"chunked"}
[debug] [2021-06-06T09:54:01.273Z] >>> [apiv2][query] GET https://firebase.googleapis.com/v1beta1/projects/ec-app-483f0 [none]
[debug] [2021-06-06T09:54:01.774Z] <<< [apiv2][status] GET https://firebase.googleapis.com/v1beta1/projects/ec-app-483f0 200
[debug] [2021-06-06T09:54:01.774Z] <<< [apiv2][body] GET https://firebase.googleapis.com/v1beta1/projects/ec-app-483f0 {"projectId":"ec-app-483f0","projectNumber":"165847462587","displayName":"ec-app","name":"projects/ec-app-483f0","resources":{"hostingSite":"ec-app-483f0","storageBucket":"ec-app-483f0.appspot.com","locationId":"asia-northeast1"},"state":"ACTIVE"}
[info] 
[info] === Deploying to 'ec-app-483f0'...
[info] 
[info] i  deploying storage, firestore, functions, hosting 
[debug] [2021-06-06T09:54:02.741Z] > refreshing access token with scopes: ["email","https://www.googleapis.com/auth/cloud-platform","https://www.googleapis.com/auth/cloudplatformprojects.readonly","https://www.googleapis.com/auth/firebase","openid"]
[debug] [2021-06-06T09:54:02.741Z] >>> HTTP REQUEST POST https://www.googleapis.com/oauth2/v3/token  
 <request body omitted>
[debug] [2021-06-06T09:54:02.862Z] <<< HTTP RESPONSE 200 {"pragma":"no-cache","date":"Sun, 06 Jun 2021 09:54:02 GMT","cache-control":"no-cache, no-store, max-age=0, must-revalidate","expires":"Mon, 01 Jan 1990 00:00:00 GMT","content-type":"application/json; charset=utf-8","vary":"X-Origin, Referer, Origin,Accept-Encoding","server":"scaffolding on HTTPServer2","x-xss-protection":"0","x-frame-options":"SAMEORIGIN","x-content-type-options":"nosniff","alt-svc":"h3-29=\":443\"; ma=2592000,h3-T051=\":443\"; ma=2592000,h3-Q050=\":443\"; ma=2592000,h3-Q046=\":443\"; ma=2592000,h3-Q043=\":443\"; ma=2592000,quic=\":443\"; ma=2592000; v=\"46,43\"","accept-ranges":"none","transfer-encoding":"chunked"}
[debug] [2021-06-06T09:54:02.902Z] >>> HTTP REQUEST GET https://appengine.googleapis.com/v1/apps/ec-app-483f0  
 
[debug] [2021-06-06T09:54:03.106Z] <<< HTTP RESPONSE 200 {"content-type":"application/json; charset=UTF-8","vary":"X-Origin, Referer, Origin,Accept-Encoding","date":"Sun, 06 Jun 2021 09:54:03 GMT","server":"ESF","cache-control":"private","x-xss-protection":"0","x-frame-options":"SAMEORIGIN","x-content-type-options":"nosniff","alt-svc":"h3-29=\":443\"; ma=2592000,h3-T051=\":443\"; ma=2592000,h3-Q050=\":443\"; ma=2592000,h3-Q046=\":443\"; ma=2592000,h3-Q043=\":443\"; ma=2592000,quic=\":443\"; ma=2592000; v=\"46,43\"","accept-ranges":"none","transfer-encoding":"chunked"}
[info] i  firebase.storage: checking storage.rules for compilation errors... 
[debug] [2021-06-06T09:54:03.119Z] >>> HTTP REQUEST POST https://firebaserules.googleapis.com/v1/projects/ec-app-483f0:test  
 {"source":{"files":[{"name":"storage.rules","content":"rules_version = '2';\nservice firebase.storage {\n  match /b/{bucket}/o {\n    match /{allPaths=**} {\n      allow read, write: if request.auth!=null;\n    }\n  }\n}\n"}]}}
[debug] [2021-06-06T09:54:04.218Z] <<< HTTP RESPONSE 200 {"content-type":"application/json; charset=UTF-8","vary":"X-Origin, Referer, Origin,Accept-Encoding","date":"Sun, 06 Jun 2021 09:54:04 GMT","server":"ESF","cache-control":"private","x-xss-protection":"0","x-frame-options":"SAMEORIGIN","x-content-type-options":"nosniff","alt-svc":"h3-29=\":443\"; ma=2592000,h3-T051=\":443\"; ma=2592000,h3-Q050=\":443\"; ma=2592000,h3-Q046=\":443\"; ma=2592000,h3-Q043=\":443\"; ma=2592000,quic=\":443\"; ma=2592000; v=\"46,43\"","accept-ranges":"none","transfer-encoding":"chunked"}
[info] ✔  firebase.storage: rules file storage.rules compiled successfully 
[info] i  firestore: reading indexes from firestore.indexes.json... 
[info] i  cloud.firestore: checking firestore.rules for compilation errors... 
[debug] [2021-06-06T09:54:04.224Z] >>> HTTP REQUEST POST https://firebaserules.googleapis.com/v1/projects/ec-app-483f0:test  
 {"source":{"files":[{"name":"firestore.rules","content":"rules_version = '2';\nservice cloud.firestore {\n  match /databases/{database}/documents {\n    match /{document=**} {\n      allow read;\n      allow write: if request.auth.uid != null;\n    }\n  }\n}"}]}}
[debug] [2021-06-06T09:54:05.250Z] <<< HTTP RESPONSE 200 {"content-type":"application/json; charset=UTF-8","vary":"X-Origin, Referer, Origin,Accept-Encoding","date":"Sun, 06 Jun 2021 09:54:05 GMT","server":"ESF","cache-control":"private","x-xss-protection":"0","x-frame-options":"SAMEORIGIN","x-content-type-options":"nosniff","alt-svc":"h3-29=\":443\"; ma=2592000,h3-T051=\":443\"; ma=2592000,h3-Q050=\":443\"; ma=2592000,h3-Q046=\":443\"; ma=2592000,h3-Q043=\":443\"; ma=2592000,quic=\":443\"; ma=2592000; v=\"46,43\"","accept-ranges":"none","transfer-encoding":"chunked"}
[info] ✔  cloud.firestore: rules file firestore.rules compiled successfully 
[info] i  functions: ensuring required API cloudfunctions.googleapis.com is enabled... 
[info] i  functions: ensuring required API cloudbuild.googleapis.com is enabled... 
[debug] [2021-06-06T09:54:05.526Z] >>> HTTP REQUEST GET https://serviceusage.googleapis.com/v1/projects/ec-app-483f0/services/cloudfunctions.googleapis.com  
 
[debug] [2021-06-06T09:54:05.526Z] >>> HTTP REQUEST GET https://serviceusage.googleapis.com/v1/projects/ec-app-483f0/services/runtimeconfig.googleapis.com  
 
[debug] [2021-06-06T09:54:05.526Z] >>> HTTP REQUEST GET https://serviceusage.googleapis.com/v1/projects/ec-app-483f0/services/cloudbuild.googleapis.com  
 
[debug] [2021-06-06T09:54:06.551Z] <<< HTTP RESPONSE 200 {"content-type":"application/json; charset=UTF-8","vary":"X-Origin, Referer, Origin,Accept-Encoding","date":"Sun, 06 Jun 2021 09:54:06 GMT","server":"ESF","cache-control":"private","x-xss-protection":"0","x-frame-options":"SAMEORIGIN","x-content-type-options":"nosniff","alt-svc":"h3-29=\":443\"; ma=2592000,h3-T051=\":443\"; ma=2592000,h3-Q050=\":443\"; ma=2592000,h3-Q046=\":443\"; ma=2592000,h3-Q043=\":443\"; ma=2592000,quic=\":443\"; ma=2592000; v=\"46,43\"","accept-ranges":"none","transfer-encoding":"chunked"}
[debug] [2021-06-06T09:54:06.562Z] <<< HTTP RESPONSE 200 {"content-type":"application/json; charset=UTF-8","vary":"X-Origin, Referer, Origin,Accept-Encoding","date":"Sun, 06 Jun 2021 09:54:06 GMT","server":"ESF","cache-control":"private","x-xss-protection":"0","x-frame-options":"SAMEORIGIN","x-content-type-options":"nosniff","alt-svc":"h3-29=\":443\"; ma=2592000,h3-T051=\":443\"; ma=2592000,h3-Q050=\":443\"; ma=2592000,h3-Q046=\":443\"; ma=2592000,h3-Q043=\":443\"; ma=2592000,quic=\":443\"; ma=2592000; v=\"46,43\"","accept-ranges":"none","transfer-encoding":"chunked"}
[warn] ⚠  functions: missing required API cloudbuild.googleapis.com. Enabling now... 
[debug] [2021-06-06T09:54:06.564Z] >>> HTTP REQUEST POST https://serviceusage.googleapis.com/v1/projects/ec-app-483f0/services/cloudbuild.googleapis.com:enable  
 
[debug] [2021-06-06T09:54:06.675Z] <<< HTTP RESPONSE 200 {"content-type":"application/json; charset=UTF-8","vary":"X-Origin, Referer, Origin,Accept-Encoding","date":"Sun, 06 Jun 2021 09:54:06 GMT","server":"ESF","cache-control":"private","x-xss-protection":"0","x-frame-options":"SAMEORIGIN","x-content-type-options":"nosniff","alt-svc":"h3-29=\":443\"; ma=2592000,h3-T051=\":443\"; ma=2592000,h3-Q050=\":443\"; ma=2592000,h3-Q046=\":443\"; ma=2592000,h3-Q043=\":443\"; ma=2592000,quic=\":443\"; ma=2592000; v=\"46,43\"","accept-ranges":"none","transfer-encoding":"chunked"}
[info] ✔  functions: required API cloudfunctions.googleapis.com is enabled 
[debug] [2021-06-06T09:54:07.768Z] <<< HTTP RESPONSE 200 {"content-type":"application/json; charset=UTF-8","vary":"X-Origin, Referer, Origin,Accept-Encoding","date":"Sun, 06 Jun 2021 09:54:07 GMT","server":"ESF","cache-control":"private","x-xss-protection":"0","x-frame-options":"SAMEORIGIN","x-content-type-options":"nosniff","alt-svc":"h3-29=\":443\"; ma=2592000,h3-T051=\":443\"; ma=2592000,h3-Q050=\":443\"; ma=2592000,h3-Q046=\":443\"; ma=2592000,h3-Q043=\":443\"; ma=2592000,quic=\":443\"; ma=2592000; v=\"46,43\"","accept-ranges":"none","transfer-encoding":"chunked"}
[debug] [2021-06-06T09:54:17.775Z] >>> HTTP REQUEST GET https://serviceusage.googleapis.com/v1/projects/ec-app-483f0/services/cloudbuild.googleapis.com  
 
[debug] [2021-06-06T09:54:18.772Z] <<< HTTP RESPONSE 200 {"content-type":"application/json; charset=UTF-8","vary":"X-Origin, Referer, Origin,Accept-Encoding","date":"Sun, 06 Jun 2021 09:54:18 GMT","server":"ESF","cache-control":"private","x-xss-protection":"0","x-frame-options":"SAMEORIGIN","x-content-type-options":"nosniff","alt-svc":"h3-29=\":443\"; ma=2592000,h3-T051=\":443\"; ma=2592000,h3-Q050=\":443\"; ma=2592000,h3-Q046=\":443\"; ma=2592000,h3-Q043=\":443\"; ma=2592000,quic=\":443\"; ma=2592000; v=\"46,43\"","accept-ranges":"none","transfer-encoding":"chunked"}
[info] ✔  functions: required API cloudbuild.googleapis.com is enabled 
[debug] [2021-06-06T09:54:18.776Z] >>> HTTP REQUEST GET https://firebase.googleapis.com/v1beta1/projects/ec-app-483f0/adminSdkConfig  
 
[debug] [2021-06-06T09:54:19.683Z] <<< HTTP RESPONSE 200 {"content-type":"application/json; charset=UTF-8","vary":"X-Origin, Referer, Origin,Accept-Encoding","date":"Sun, 06 Jun 2021 09:54:19 GMT","server":"ESF","cache-control":"private","x-xss-protection":"0","x-frame-options":"SAMEORIGIN","x-content-type-options":"nosniff","alt-svc":"h3-29=\":443\"; ma=2592000,h3-T051=\":443\"; ma=2592000,h3-Q050=\":443\"; ma=2592000,h3-Q046=\":443\"; ma=2592000,h3-Q043=\":443\"; ma=2592000,quic=\":443\"; ma=2592000; v=\"46,43\"","accept-ranges":"none","transfer-encoding":"chunked"}
[info] i  functions: preparing functions directory for uploading... 
[debug] [2021-06-06T09:54:19.685Z] >>> HTTP REQUEST GET https://runtimeconfig.googleapis.com/v1beta1/projects/ec-app-483f0/configs  
 
[debug] [2021-06-06T09:54:20.092Z] <<< HTTP RESPONSE 200 {"content-type":"application/json; charset=UTF-8","vary":"X-Origin, Referer, Origin,Accept-Encoding","date":"Sun, 06 Jun 2021 09:54:20 GMT","server":"ESF","cache-control":"private","x-xss-protection":"0","x-frame-options":"SAMEORIGIN","x-content-type-options":"nosniff","alt-svc":"h3-29=\":443\"; ma=2592000,h3-T051=\":443\"; ma=2592000,h3-Q050=\":443\"; ma=2592000,h3-Q046=\":443\"; ma=2592000,h3-Q043=\":443\"; ma=2592000,quic=\":443\"; ma=2592000; v=\"46,43\"","accept-ranges":"none","transfer-encoding":"chunked"}
[debug] [2021-06-06T09:54:20.094Z] Analyizing backend with strategy parseJSExports
[debug] [2021-06-06T09:54:20.188Z] > [functions] package.json contents: {
  "name": "functions",
  "description": "Cloud Functions for Firebase",
  "scripts": {
    "serve": "firebase emulators:start --only functions",
    "shell": "firebase functions:shell",
    "start": "npm run shell",
    "deploy": "firebase deploy --only functions",
    "logs": "firebase functions:log"
  },
  "engines": {
    "node": "14"
  },
  "main": "index.js",
  "dependencies": {
    "firebase-admin": "^9.8.0",
    "firebase-functions": "^3.14.1"
  },
  "devDependencies": {
    "firebase-functions-test": "^0.2.0"
  },
  "private": true
}
[debug] [2021-06-06T09:54:20.190Z] >>> HTTP REQUEST GET https://cloudfunctions.googleapis.com/v1/projects/ec-app-483f0/locations/-/functions  
 
[debug] [2021-06-06T09:54:20.911Z] <<< HTTP RESPONSE 200 {"content-type":"application/json; charset=UTF-8","vary":"X-Origin, Referer, Origin,Accept-Encoding","date":"Sun, 06 Jun 2021 09:54:20 GMT","server":"ESF","cache-control":"private","x-xss-protection":"0","x-frame-options":"SAMEORIGIN","x-content-type-options":"nosniff","alt-svc":"h3-29=\":443\"; ma=2592000,h3-T051=\":443\"; ma=2592000,h3-Q050=\":443\"; ma=2592000,h3-Q046=\":443\"; ma=2592000,h3-Q043=\":443\"; ma=2592000,quic=\":443\"; ma=2592000; v=\"46,43\"","accept-ranges":"none","transfer-encoding":"chunked"}
[debug] [2021-06-06T09:54:20.914Z] >>> HTTP REQUEST POST https://firebasehosting.googleapis.com/v1beta1/sites/ec-app-483f0/versions  
 {"config":{"rewrites":[{"glob":"**","path":"/index.html"}]},"labels":{"deployment-tool":"cli-firebase"}}
[debug] [2021-06-06T09:54:22.857Z] <<< HTTP RESPONSE 200 {"content-type":"application/json; charset=UTF-8","vary":"X-Origin, Referer, Origin,Accept-Encoding","date":"Sun, 06 Jun 2021 09:54:22 GMT","server":"ESF","cache-control":"private","x-xss-protection":"0","x-frame-options":"SAMEORIGIN","x-content-type-options":"nosniff","alt-svc":"h3-29=\":443\"; ma=2592000,h3-T051=\":443\"; ma=2592000,h3-Q050=\":443\"; ma=2592000,h3-Q046=\":443\"; ma=2592000,h3-Q043=\":443\"; ma=2592000,quic=\":443\"; ma=2592000; v=\"46,43\"","accept-ranges":"none","transfer-encoding":"chunked"}
[debug] [2021-06-06T09:54:22.860Z] >>> HTTP REQUEST GET https://firebaserules.googleapis.com/v1/projects/ec-app-483f0/releases?pageSize=10&pageToken=  
 
[debug] [2021-06-06T09:54:23.982Z] <<< HTTP RESPONSE 200 {"content-type":"application/json; charset=UTF-8","vary":"X-Origin, Referer, Origin,Accept-Encoding","date":"Sun, 06 Jun 2021 09:54:23 GMT","server":"ESF","cache-control":"private","x-xss-protection":"0","x-frame-options":"SAMEORIGIN","x-content-type-options":"nosniff","alt-svc":"h3-29=\":443\"; ma=2592000,h3-T051=\":443\"; ma=2592000,h3-Q050=\":443\"; ma=2592000,h3-Q046=\":443\"; ma=2592000,h3-Q043=\":443\"; ma=2592000,quic=\":443\"; ma=2592000; v=\"46,43\"","accept-ranges":"none","transfer-encoding":"chunked"}
[debug] [2021-06-06T09:54:23.984Z] >>> HTTP REQUEST GET https://firebaserules.googleapis.com/v1/projects/ec-app-483f0/rulesets/a80a1eb0-63a0-4273-be9d-d20cf6461178  
 
[debug] [2021-06-06T09:54:24.997Z] <<< HTTP RESPONSE 200 {"content-type":"application/json; charset=UTF-8","vary":"X-Origin, Referer, Origin,Accept-Encoding","date":"Sun, 06 Jun 2021 09:54:24 GMT","server":"ESF","cache-control":"private","x-xss-protection":"0","x-frame-options":"SAMEORIGIN","x-content-type-options":"nosniff","alt-svc":"h3-29=\":443\"; ma=2592000,h3-T051=\":443\"; ma=2592000,h3-Q050=\":443\"; ma=2592000,h3-Q046=\":443\"; ma=2592000,h3-Q043=\":443\"; ma=2592000,quic=\":443\"; ma=2592000; v=\"46,43\"","accept-ranges":"none","transfer-encoding":"chunked"}
[info] i  storage: uploading rules storage.rules... 
[debug] [2021-06-06T09:54:25.001Z] >>> HTTP REQUEST POST https://firebaserules.googleapis.com/v1/projects/ec-app-483f0/rulesets  
 {"source":{"files":[{"name":"storage.rules","content":"rules_version = '2';\nservice firebase.storage {\n  match /b/{bucket}/o {\n    match /{allPaths=**} {\n      allow read, write: if request.auth!=null;\n    }\n  }\n}\n"}]}}
[debug] [2021-06-06T09:54:26.236Z] <<< HTTP RESPONSE 200 {"content-type":"application/json; charset=UTF-8","vary":"X-Origin, Referer, Origin,Accept-Encoding","date":"Sun, 06 Jun 2021 09:54:26 GMT","server":"ESF","cache-control":"private","x-xss-protection":"0","x-frame-options":"SAMEORIGIN","x-content-type-options":"nosniff","alt-svc":"h3-29=\":443\"; ma=2592000,h3-T051=\":443\"; ma=2592000,h3-Q050=\":443\"; ma=2592000,h3-Q046=\":443\"; ma=2592000,h3-Q043=\":443\"; ma=2592000,quic=\":443\"; ma=2592000; v=\"46,43\"","accept-ranges":"none","transfer-encoding":"chunked"}
[debug] [2021-06-06T09:54:26.237Z] [rules] created ruleset projects/ec-app-483f0/rulesets/3de85778-df73-4e6c-940d-5e8f4339993f
[debug] [2021-06-06T09:54:26.239Z] >>> HTTP REQUEST GET https://firebaserules.googleapis.com/v1/projects/ec-app-483f0/releases?pageSize=10&pageToken=  
 
[debug] [2021-06-06T09:54:26.240Z] >>> HTTP REQUEST GET https://firestore.googleapis.com/v1/projects/ec-app-483f0/databases/(default)/collectionGroups/-/indexes  
 
[debug] [2021-06-06T09:54:26.393Z] <<< HTTP RESPONSE 200 {"content-type":"application/json; charset=UTF-8","vary":"X-Origin, Referer, Origin,Accept-Encoding","date":"Sun, 06 Jun 2021 09:54:26 GMT","server":"ESF","cache-control":"private","x-xss-protection":"0","x-frame-options":"SAMEORIGIN","x-content-type-options":"nosniff","alt-svc":"h3-29=\":443\"; ma=2592000,h3-T051=\":443\"; ma=2592000,h3-Q050=\":443\"; ma=2592000,h3-Q046=\":443\"; ma=2592000,h3-Q043=\":443\"; ma=2592000,quic=\":443\"; ma=2592000; v=\"46,43\"","accept-ranges":"none","transfer-encoding":"chunked"}
[debug] [2021-06-06T09:54:26.395Z] >>> HTTP REQUEST GET https://firestore.googleapis.com/v1/projects/ec-app-483f0/databases/(default)/collectionGroups/-/fields?filter=indexConfig.usesAncestorConfig=false  
 
[debug] [2021-06-06T09:54:26.539Z] <<< HTTP RESPONSE 200 {"content-type":"application/json; charset=UTF-8","vary":"X-Origin, Referer, Origin,Accept-Encoding","date":"Sun, 06 Jun 2021 09:54:26 GMT","server":"ESF","cache-control":"private","x-xss-protection":"0","x-frame-options":"SAMEORIGIN","x-content-type-options":"nosniff","alt-svc":"h3-29=\":443\"; ma=2592000,h3-T051=\":443\"; ma=2592000,h3-Q050=\":443\"; ma=2592000,h3-Q046=\":443\"; ma=2592000,h3-Q043=\":443\"; ma=2592000,quic=\":443\"; ma=2592000; v=\"46,43\"","accept-ranges":"none","transfer-encoding":"chunked"}
[info] ✔  firestore: deployed indexes in firestore.indexes.json successfully 
[debug] [2021-06-06T09:54:27.277Z] <<< HTTP RESPONSE 200 {"content-type":"application/json; charset=UTF-8","vary":"X-Origin, Referer, Origin,Accept-Encoding","date":"Sun, 06 Jun 2021 09:54:27 GMT","server":"ESF","cache-control":"private","x-xss-protection":"0","x-frame-options":"SAMEORIGIN","x-content-type-options":"nosniff","alt-svc":"h3-29=\":443\"; ma=2592000,h3-T051=\":443\"; ma=2592000,h3-Q050=\":443\"; ma=2592000,h3-Q046=\":443\"; ma=2592000,h3-Q043=\":443\"; ma=2592000,quic=\":443\"; ma=2592000; v=\"46,43\"","accept-ranges":"none","transfer-encoding":"chunked"}
[debug] [2021-06-06T09:54:27.278Z] >>> HTTP REQUEST GET https://firebaserules.googleapis.com/v1/projects/ec-app-483f0/rulesets/0aadb21e-1110-4f74-8625-e68ded3232a6  
 
[debug] [2021-06-06T09:54:28.386Z] <<< HTTP RESPONSE 200 {"content-type":"application/json; charset=UTF-8","vary":"X-Origin, Referer, Origin,Accept-Encoding","date":"Sun, 06 Jun 2021 09:54:28 GMT","server":"ESF","cache-control":"private","x-xss-protection":"0","x-frame-options":"SAMEORIGIN","x-content-type-options":"nosniff","alt-svc":"h3-29=\":443\"; ma=2592000,h3-T051=\":443\"; ma=2592000,h3-Q050=\":443\"; ma=2592000,h3-Q046=\":443\"; ma=2592000,h3-Q043=\":443\"; ma=2592000,quic=\":443\"; ma=2592000; v=\"46,43\"","accept-ranges":"none","transfer-encoding":"chunked"}
[info] i  firestore: uploading rules firestore.rules... 
[debug] [2021-06-06T09:54:28.388Z] >>> HTTP REQUEST POST https://firebaserules.googleapis.com/v1/projects/ec-app-483f0/rulesets  
 {"source":{"files":[{"name":"firestore.rules","content":"rules_version = '2';\nservice cloud.firestore {\n  match /databases/{database}/documents {\n    match /{document=**} {\n      allow read;\n      allow write: if request.auth.uid != null;\n    }\n  }\n}"}]}}
[debug] [2021-06-06T09:54:28.898Z] <<< HTTP RESPONSE 200 {"content-type":"application/json; charset=UTF-8","vary":"X-Origin, Referer, Origin,Accept-Encoding","date":"Sun, 06 Jun 2021 09:54:28 GMT","server":"ESF","cache-control":"private","x-xss-protection":"0","x-frame-options":"SAMEORIGIN","x-content-type-options":"nosniff","alt-svc":"h3-29=\":443\"; ma=2592000,h3-T051=\":443\"; ma=2592000,h3-Q050=\":443\"; ma=2592000,h3-Q046=\":443\"; ma=2592000,h3-Q043=\":443\"; ma=2592000,quic=\":443\"; ma=2592000; v=\"46,43\"","accept-ranges":"none","transfer-encoding":"chunked"}
[debug] [2021-06-06T09:54:28.898Z] [rules] created ruleset projects/ec-app-483f0/rulesets/a78c0852-ff58-40e7-994e-b948212fd098
[info] i  hosting[ec-app-483f0]: beginning deploy... 
[info] i  hosting[ec-app-483f0]: found 18 files in build 
[debug] [2021-06-06T09:54:28.915Z] [hosting] hash cache [YnVpbGQ] not populated
[debug] [2021-06-06T09:54:28.994Z] > refreshing access token with scopes: []
[debug] [2021-06-06T09:54:28.994Z] >>> HTTP REQUEST POST https://www.googleapis.com/oauth2/v3/token  
 <request body omitted>
[debug] [2021-06-06T09:54:28.995Z] [hosting] hash cache [YnVpbGQ] stored for 18 files
[debug] [2021-06-06T09:54:28.995Z] [hosting][hash queue][FINAL] {"max":74,"min":8,"avg":12.777777777777779,"active":0,"complete":18,"success":18,"errored":0,"retried":0,"total":18,"elapsed":79}
[debug] [2021-06-06T09:54:29.120Z] <<< HTTP RESPONSE 200 {"date":"Sun, 06 Jun 2021 09:54:29 GMT","expires":"Mon, 01 Jan 1990 00:00:00 GMT","pragma":"no-cache","cache-control":"no-cache, no-store, max-age=0, must-revalidate","content-type":"application/json; charset=utf-8","vary":"X-Origin, Referer, Origin,Accept-Encoding","server":"scaffolding on HTTPServer2","x-xss-protection":"0","x-frame-options":"SAMEORIGIN","x-content-type-options":"nosniff","alt-svc":"h3-29=\":443\"; ma=2592000,h3-T051=\":443\"; ma=2592000,h3-Q050=\":443\"; ma=2592000,h3-Q046=\":443\"; ma=2592000,h3-Q043=\":443\"; ma=2592000,quic=\":443\"; ma=2592000; v=\"46,43\"","accept-ranges":"none","transfer-encoding":"chunked"}
[debug] [2021-06-06T09:54:29.166Z] >>> [apiv2][query] POST https://firebasehosting.googleapis.com/v1beta1/sites/ec-app-483f0/versions/26dd60de1a2f5db7:populateFiles [none]
[debug] [2021-06-06T09:54:29.166Z] >>> [apiv2][body] POST https://firebasehosting.googleapis.com/v1beta1/sites/ec-app-483f0/versions/26dd60de1a2f5db7:populateFiles {"files":{"/asset-manifest.json":"547b11bdd72b5591c825bd7ce1831b2720636bb80826d325acba13386982e80d","/robots.txt":"391d14b3c2f8c9143a27a28c7399585142228d4d1bdbe2c87ac946de411fa9a2","/manifest.json":"341d52628782f8ac9290bbfc43298afccb47b7cbfcee146ae30cf0f46bc30900","/index.html":"728ddb09065195c06cd60de239f343c0bee345777a103cf0fbd582ecf236ae3a","/static/js/2.2c354add.chunk.js.LICENSE.txt":"65c6ecb6192f97a7b3e674b68ee6129941ddc83db480b46ce95eaea24ff40121","/static/css/main.8c8b27cf.chunk.css":"296215a337d08b9e94daf4aae1c822db5bfde37b22957c7686e5f4fbdd711b72","/logo192.png":"caff018b7f1e8fd481eb1c50d75b0ef236bcd5078b1d15c8bb348453fee30293","/favicon.ico":"b72f7455f00e4e58792d2bca892abb068e2213838c0316d6b7a0d6d16acd1955","/static/js/main.b2024cb3.chunk.js":"1ca70606dd982d837c6d86c10465b93d350d72ae2627c451e355ac38a177e5bd","/static/js/main.b2024cb3.chunk.js.map":"af5e8e098662eef26299a7c829d70d8718cb7a0e354a13a7af00c38968503d20","/logo512.png":"191fc21360b4ccfb1cda11a1efb97f489ed22672ca83f4064316802bbfdd750e","/static/js/3.37c57049.chunk.js.map":"c5bd1c69dc0ef4df101bd08900653cc8cb3029dbedfff905b29e49d6da3dab70","/static/js/runtime-main.0108fc5d.js":"a211a31ca4711afd6a44526571f6c3caeb2199138204e97ee8acd9bd01c23847","/static/js/3.37c57049.chunk.js":"2c219e364f1ca9f8c900e0b47bbf20c2ff1bd12f779a119b518e96551fc99489","/static/js/runtime-main.0108fc5d.js.map":"23027c75ff20fb0b6dd8482b5e3db0a6655ab201c82e8f9a1f3e3de74b684790","/static/css/main.8c8b27cf.chunk.css.map":"827b2e6a606d06d6677040e744538a537f601bcea32424de3961ffc2025d3cca","/static/js/2.2c354add.chunk.js":"6c85ca4c8a8808fc021eeb18156fa0a532b21515dc9761896fe62903e927e5d6","/static/js/2.2c354add.chunk.js.map":"71ee1d9f2f547c07ce9f3ba6e141993d0177044855d9efdec5260c38d8235580"}}
[debug] [2021-06-06T09:54:30.130Z] <<< [apiv2][status] POST https://firebasehosting.googleapis.com/v1beta1/sites/ec-app-483f0/versions/26dd60de1a2f5db7:populateFiles 200
[debug] [2021-06-06T09:54:30.130Z] <<< [apiv2][body] POST https://firebasehosting.googleapis.com/v1beta1/sites/ec-app-483f0/versions/26dd60de1a2f5db7:populateFiles {"uploadRequiredHashes":["827b2e6a606d06d6677040e744538a537f601bcea32424de3961ffc2025d3cca","65c6ecb6192f97a7b3e674b68ee6129941ddc83db480b46ce95eaea24ff40121","caff018b7f1e8fd481eb1c50d75b0ef236bcd5078b1d15c8bb348453fee30293","2c219e364f1ca9f8c900e0b47bbf20c2ff1bd12f779a119b518e96551fc99489","af5e8e098662eef26299a7c829d70d8718cb7a0e354a13a7af00c38968503d20","547b11bdd72b5591c825bd7ce1831b2720636bb80826d325acba13386982e80d","71ee1d9f2f547c07ce9f3ba6e141993d0177044855d9efdec5260c38d8235580","391d14b3c2f8c9143a27a28c7399585142228d4d1bdbe2c87ac946de411fa9a2","23027c75ff20fb0b6dd8482b5e3db0a6655ab201c82e8f9a1f3e3de74b684790","1ca70606dd982d837c6d86c10465b93d350d72ae2627c451e355ac38a177e5bd","296215a337d08b9e94daf4aae1c822db5bfde37b22957c7686e5f4fbdd711b72","6c85ca4c8a8808fc021eeb18156fa0a532b21515dc9761896fe62903e927e5d6","b72f7455f00e4e58792d2bca892abb068e2213838c0316d6b7a0d6d16acd1955","c5bd1c69dc0ef4df101bd08900653cc8cb3029dbedfff905b29e49d6da3dab70","a211a31ca4711afd6a44526571f6c3caeb2199138204e97ee8acd9bd01c23847","191fc21360b4ccfb1cda11a1efb97f489ed22672ca83f4064316802bbfdd750e","341d52628782f8ac9290bbfc43298afccb47b7cbfcee146ae30cf0f46bc30900","728ddb09065195c06cd60de239f343c0bee345777a103cf0fbd582ecf236ae3a"],"uploadUrl":"https://upload-firebasehosting.googleapis.com/upload/sites/ec-app-483f0/versions/26dd60de1a2f5db7/files"}
[debug] [2021-06-06T09:54:30.137Z] >>> [apiv2][query] POST https://upload-firebasehosting.googleapis.com/upload/sites/ec-app-483f0/versions/26dd60de1a2f5db7/files/827b2e6a606d06d6677040e744538a537f601bcea32424de3961ffc2025d3cca [none]
[debug] [2021-06-06T09:54:30.138Z] >>> [apiv2][body] POST https://upload-firebasehosting.googleapis.com/upload/sites/ec-app-483f0/versions/26dd60de1a2f5db7/files/827b2e6a606d06d6677040e744538a537f601bcea32424de3961ffc2025d3cca [stream]
[debug] [2021-06-06T09:54:30.143Z] >>> [apiv2][query] POST https://upload-firebasehosting.googleapis.com/upload/sites/ec-app-483f0/versions/26dd60de1a2f5db7/files/65c6ecb6192f97a7b3e674b68ee6129941ddc83db480b46ce95eaea24ff40121 [none]
[debug] [2021-06-06T09:54:30.143Z] >>> [apiv2][body] POST https://upload-firebasehosting.googleapis.com/upload/sites/ec-app-483f0/versions/26dd60de1a2f5db7/files/65c6ecb6192f97a7b3e674b68ee6129941ddc83db480b46ce95eaea24ff40121 [stream]
[debug] [2021-06-06T09:54:30.145Z] >>> [apiv2][query] POST https://upload-firebasehosting.googleapis.com/upload/sites/ec-app-483f0/versions/26dd60de1a2f5db7/files/caff018b7f1e8fd481eb1c50d75b0ef236bcd5078b1d15c8bb348453fee30293 [none]
[debug] [2021-06-06T09:54:30.145Z] >>> [apiv2][body] POST https://upload-firebasehosting.googleapis.com/upload/sites/ec-app-483f0/versions/26dd60de1a2f5db7/files/caff018b7f1e8fd481eb1c50d75b0ef236bcd5078b1d15c8bb348453fee30293 [stream]
[debug] [2021-06-06T09:54:30.146Z] >>> [apiv2][query] POST https://upload-firebasehosting.googleapis.com/upload/sites/ec-app-483f0/versions/26dd60de1a2f5db7/files/2c219e364f1ca9f8c900e0b47bbf20c2ff1bd12f779a119b518e96551fc99489 [none]
[debug] [2021-06-06T09:54:30.147Z] >>> [apiv2][body] POST https://upload-firebasehosting.googleapis.com/upload/sites/ec-app-483f0/versions/26dd60de1a2f5db7/files/2c219e364f1ca9f8c900e0b47bbf20c2ff1bd12f779a119b518e96551fc99489 [stream]
[debug] [2021-06-06T09:54:30.147Z] >>> [apiv2][query] POST https://upload-firebasehosting.googleapis.com/upload/sites/ec-app-483f0/versions/26dd60de1a2f5db7/files/af5e8e098662eef26299a7c829d70d8718cb7a0e354a13a7af00c38968503d20 [none]
[debug] [2021-06-06T09:54:30.147Z] >>> [apiv2][body] POST https://upload-firebasehosting.googleapis.com/upload/sites/ec-app-483f0/versions/26dd60de1a2f5db7/files/af5e8e098662eef26299a7c829d70d8718cb7a0e354a13a7af00c38968503d20 [stream]
[debug] [2021-06-06T09:54:30.149Z] >>> [apiv2][query] POST https://upload-firebasehosting.googleapis.com/upload/sites/ec-app-483f0/versions/26dd60de1a2f5db7/files/547b11bdd72b5591c825bd7ce1831b2720636bb80826d325acba13386982e80d [none]
[debug] [2021-06-06T09:54:30.149Z] >>> [apiv2][body] POST https://upload-firebasehosting.googleapis.com/upload/sites/ec-app-483f0/versions/26dd60de1a2f5db7/files/547b11bdd72b5591c825bd7ce1831b2720636bb80826d325acba13386982e80d [stream]
[debug] [2021-06-06T09:54:30.149Z] >>> [apiv2][query] POST https://upload-firebasehosting.googleapis.com/upload/sites/ec-app-483f0/versions/26dd60de1a2f5db7/files/71ee1d9f2f547c07ce9f3ba6e141993d0177044855d9efdec5260c38d8235580 [none]
[debug] [2021-06-06T09:54:30.149Z] >>> [apiv2][body] POST https://upload-firebasehosting.googleapis.com/upload/sites/ec-app-483f0/versions/26dd60de1a2f5db7/files/71ee1d9f2f547c07ce9f3ba6e141993d0177044855d9efdec5260c38d8235580 [stream]
[debug] [2021-06-06T09:54:30.150Z] >>> [apiv2][query] POST https://upload-firebasehosting.googleapis.com/upload/sites/ec-app-483f0/versions/26dd60de1a2f5db7/files/391d14b3c2f8c9143a27a28c7399585142228d4d1bdbe2c87ac946de411fa9a2 [none]
[debug] [2021-06-06T09:54:30.150Z] >>> [apiv2][body] POST https://upload-firebasehosting.googleapis.com/upload/sites/ec-app-483f0/versions/26dd60de1a2f5db7/files/391d14b3c2f8c9143a27a28c7399585142228d4d1bdbe2c87ac946de411fa9a2 [stream]
[debug] [2021-06-06T09:54:30.151Z] >>> [apiv2][query] POST https://upload-firebasehosting.googleapis.com/upload/sites/ec-app-483f0/versions/26dd60de1a2f5db7/files/23027c75ff20fb0b6dd8482b5e3db0a6655ab201c82e8f9a1f3e3de74b684790 [none]
[debug] [2021-06-06T09:54:30.152Z] >>> [apiv2][body] POST https://upload-firebasehosting.googleapis.com/upload/sites/ec-app-483f0/versions/26dd60de1a2f5db7/files/23027c75ff20fb0b6dd8482b5e3db0a6655ab201c82e8f9a1f3e3de74b684790 [stream]
[debug] [2021-06-06T09:54:30.153Z] >>> [apiv2][query] POST https://upload-firebasehosting.googleapis.com/upload/sites/ec-app-483f0/versions/26dd60de1a2f5db7/files/1ca70606dd982d837c6d86c10465b93d350d72ae2627c451e355ac38a177e5bd [none]
[debug] [2021-06-06T09:54:30.153Z] >>> [apiv2][body] POST https://upload-firebasehosting.googleapis.com/upload/sites/ec-app-483f0/versions/26dd60de1a2f5db7/files/1ca70606dd982d837c6d86c10465b93d350d72ae2627c451e355ac38a177e5bd [stream]
[debug] [2021-06-06T09:54:30.154Z] >>> [apiv2][query] POST https://upload-firebasehosting.googleapis.com/upload/sites/ec-app-483f0/versions/26dd60de1a2f5db7/files/296215a337d08b9e94daf4aae1c822db5bfde37b22957c7686e5f4fbdd711b72 [none]
[debug] [2021-06-06T09:54:30.154Z] >>> [apiv2][body] POST https://upload-firebasehosting.googleapis.com/upload/sites/ec-app-483f0/versions/26dd60de1a2f5db7/files/296215a337d08b9e94daf4aae1c822db5bfde37b22957c7686e5f4fbdd711b72 [stream]
[debug] [2021-06-06T09:54:30.155Z] >>> [apiv2][query] POST https://upload-firebasehosting.googleapis.com/upload/sites/ec-app-483f0/versions/26dd60de1a2f5db7/files/6c85ca4c8a8808fc021eeb18156fa0a532b21515dc9761896fe62903e927e5d6 [none]
[debug] [2021-06-06T09:54:30.155Z] >>> [apiv2][body] POST https://upload-firebasehosting.googleapis.com/upload/sites/ec-app-483f0/versions/26dd60de1a2f5db7/files/6c85ca4c8a8808fc021eeb18156fa0a532b21515dc9761896fe62903e927e5d6 [stream]
[debug] [2021-06-06T09:54:30.155Z] >>> [apiv2][query] POST https://upload-firebasehosting.googleapis.com/upload/sites/ec-app-483f0/versions/26dd60de1a2f5db7/files/b72f7455f00e4e58792d2bca892abb068e2213838c0316d6b7a0d6d16acd1955 [none]
[debug] [2021-06-06T09:54:30.155Z] >>> [apiv2][body] POST https://upload-firebasehosting.googleapis.com/upload/sites/ec-app-483f0/versions/26dd60de1a2f5db7/files/b72f7455f00e4e58792d2bca892abb068e2213838c0316d6b7a0d6d16acd1955 [stream]
[debug] [2021-06-06T09:54:30.156Z] >>> [apiv2][query] POST https://upload-firebasehosting.googleapis.com/upload/sites/ec-app-483f0/versions/26dd60de1a2f5db7/files/c5bd1c69dc0ef4df101bd08900653cc8cb3029dbedfff905b29e49d6da3dab70 [none]
[debug] [2021-06-06T09:54:30.158Z] >>> [apiv2][body] POST https://upload-firebasehosting.googleapis.com/upload/sites/ec-app-483f0/versions/26dd60de1a2f5db7/files/c5bd1c69dc0ef4df101bd08900653cc8cb3029dbedfff905b29e49d6da3dab70 [stream]
[debug] [2021-06-06T09:54:30.159Z] >>> [apiv2][query] POST https://upload-firebasehosting.googleapis.com/upload/sites/ec-app-483f0/versions/26dd60de1a2f5db7/files/a211a31ca4711afd6a44526571f6c3caeb2199138204e97ee8acd9bd01c23847 [none]
[debug] [2021-06-06T09:54:30.159Z] >>> [apiv2][body] POST https://upload-firebasehosting.googleapis.com/upload/sites/ec-app-483f0/versions/26dd60de1a2f5db7/files/a211a31ca4711afd6a44526571f6c3caeb2199138204e97ee8acd9bd01c23847 [stream]
[debug] [2021-06-06T09:54:30.160Z] >>> [apiv2][query] POST https://upload-firebasehosting.googleapis.com/upload/sites/ec-app-483f0/versions/26dd60de1a2f5db7/files/191fc21360b4ccfb1cda11a1efb97f489ed22672ca83f4064316802bbfdd750e [none]
[debug] [2021-06-06T09:54:30.160Z] >>> [apiv2][body] POST https://upload-firebasehosting.googleapis.com/upload/sites/ec-app-483f0/versions/26dd60de1a2f5db7/files/191fc21360b4ccfb1cda11a1efb97f489ed22672ca83f4064316802bbfdd750e [stream]
[debug] [2021-06-06T09:54:30.160Z] >>> [apiv2][query] POST https://upload-firebasehosting.googleapis.com/upload/sites/ec-app-483f0/versions/26dd60de1a2f5db7/files/341d52628782f8ac9290bbfc43298afccb47b7cbfcee146ae30cf0f46bc30900 [none]
[debug] [2021-06-06T09:54:30.160Z] >>> [apiv2][body] POST https://upload-firebasehosting.googleapis.com/upload/sites/ec-app-483f0/versions/26dd60de1a2f5db7/files/341d52628782f8ac9290bbfc43298afccb47b7cbfcee146ae30cf0f46bc30900 [stream]
[debug] [2021-06-06T09:54:30.161Z] >>> [apiv2][query] POST https://upload-firebasehosting.googleapis.com/upload/sites/ec-app-483f0/versions/26dd60de1a2f5db7/files/728ddb09065195c06cd60de239f343c0bee345777a103cf0fbd582ecf236ae3a [none]
[debug] [2021-06-06T09:54:30.161Z] >>> [apiv2][body] POST https://upload-firebasehosting.googleapis.com/upload/sites/ec-app-483f0/versions/26dd60de1a2f5db7/files/728ddb09065195c06cd60de239f343c0bee345777a103cf0fbd582ecf236ae3a [stream]
[debug] [2021-06-06T09:54:30.162Z] [hosting][populate queue][FINAL] {"max":1143,"min":1143,"avg":1143,"active":0,"complete":1,"success":1,"errored":0,"retried":0,"total":1,"elapsed":1168}
[debug] [2021-06-06T09:54:30.162Z] [hosting] uploads queued: 18
[debug] [2021-06-06T09:54:31.458Z] <<< [apiv2][status] POST https://upload-firebasehosting.googleapis.com/upload/sites/ec-app-483f0/versions/26dd60de1a2f5db7/files/caff018b7f1e8fd481eb1c50d75b0ef236bcd5078b1d15c8bb348453fee30293 200
[debug] [2021-06-06T09:54:31.458Z] <<< [apiv2][body] POST https://upload-firebasehosting.googleapis.com/upload/sites/ec-app-483f0/versions/26dd60de1a2f5db7/files/caff018b7f1e8fd481eb1c50d75b0ef236bcd5078b1d15c8bb348453fee30293 [stream]
[debug] [2021-06-06T09:54:31.459Z] <<< [apiv2][status] POST https://upload-firebasehosting.googleapis.com/upload/sites/ec-app-483f0/versions/26dd60de1a2f5db7/files/2c219e364f1ca9f8c900e0b47bbf20c2ff1bd12f779a119b518e96551fc99489 200
[debug] [2021-06-06T09:54:31.459Z] <<< [apiv2][body] POST https://upload-firebasehosting.googleapis.com/upload/sites/ec-app-483f0/versions/26dd60de1a2f5db7/files/2c219e364f1ca9f8c900e0b47bbf20c2ff1bd12f779a119b518e96551fc99489 [stream]
[debug] [2021-06-06T09:54:31.460Z] <<< [apiv2][status] POST https://upload-firebasehosting.googleapis.com/upload/sites/ec-app-483f0/versions/26dd60de1a2f5db7/files/341d52628782f8ac9290bbfc43298afccb47b7cbfcee146ae30cf0f46bc30900 200
[debug] [2021-06-06T09:54:31.460Z] <<< [apiv2][body] POST https://upload-firebasehosting.googleapis.com/upload/sites/ec-app-483f0/versions/26dd60de1a2f5db7/files/341d52628782f8ac9290bbfc43298afccb47b7cbfcee146ae30cf0f46bc30900 [stream]
[debug] [2021-06-06T09:54:31.461Z] <<< [apiv2][status] POST https://upload-firebasehosting.googleapis.com/upload/sites/ec-app-483f0/versions/26dd60de1a2f5db7/files/a211a31ca4711afd6a44526571f6c3caeb2199138204e97ee8acd9bd01c23847 200
[debug] [2021-06-06T09:54:31.461Z] <<< [apiv2][body] POST https://upload-firebasehosting.googleapis.com/upload/sites/ec-app-483f0/versions/26dd60de1a2f5db7/files/a211a31ca4711afd6a44526571f6c3caeb2199138204e97ee8acd9bd01c23847 [stream]
[debug] [2021-06-06T09:54:31.489Z] <<< [apiv2][status] POST https://upload-firebasehosting.googleapis.com/upload/sites/ec-app-483f0/versions/26dd60de1a2f5db7/files/827b2e6a606d06d6677040e744538a537f601bcea32424de3961ffc2025d3cca 200
[debug] [2021-06-06T09:54:31.489Z] <<< [apiv2][body] POST https://upload-firebasehosting.googleapis.com/upload/sites/ec-app-483f0/versions/26dd60de1a2f5db7/files/827b2e6a606d06d6677040e744538a537f601bcea32424de3961ffc2025d3cca [stream]
[debug] [2021-06-06T09:54:31.524Z] <<< [apiv2][status] POST https://upload-firebasehosting.googleapis.com/upload/sites/ec-app-483f0/versions/26dd60de1a2f5db7/files/728ddb09065195c06cd60de239f343c0bee345777a103cf0fbd582ecf236ae3a 200
[debug] [2021-06-06T09:54:31.524Z] <<< [apiv2][body] POST https://upload-firebasehosting.googleapis.com/upload/sites/ec-app-483f0/versions/26dd60de1a2f5db7/files/728ddb09065195c06cd60de239f343c0bee345777a103cf0fbd582ecf236ae3a [stream]
[debug] [2021-06-06T09:54:31.552Z] <<< [apiv2][status] POST https://upload-firebasehosting.googleapis.com/upload/sites/ec-app-483f0/versions/26dd60de1a2f5db7/files/af5e8e098662eef26299a7c829d70d8718cb7a0e354a13a7af00c38968503d20 200
[debug] [2021-06-06T09:54:31.552Z] <<< [apiv2][body] POST https://upload-firebasehosting.googleapis.com/upload/sites/ec-app-483f0/versions/26dd60de1a2f5db7/files/af5e8e098662eef26299a7c829d70d8718cb7a0e354a13a7af00c38968503d20 [stream]
[debug] [2021-06-06T09:54:31.771Z] <<< [apiv2][status] POST https://upload-firebasehosting.googleapis.com/upload/sites/ec-app-483f0/versions/26dd60de1a2f5db7/files/23027c75ff20fb0b6dd8482b5e3db0a6655ab201c82e8f9a1f3e3de74b684790 200
[debug] [2021-06-06T09:54:31.771Z] <<< [apiv2][body] POST https://upload-firebasehosting.googleapis.com/upload/sites/ec-app-483f0/versions/26dd60de1a2f5db7/files/23027c75ff20fb0b6dd8482b5e3db0a6655ab201c82e8f9a1f3e3de74b684790 [stream]
[debug] [2021-06-06T09:54:31.793Z] <<< [apiv2][status] POST https://upload-firebasehosting.googleapis.com/upload/sites/ec-app-483f0/versions/26dd60de1a2f5db7/files/c5bd1c69dc0ef4df101bd08900653cc8cb3029dbedfff905b29e49d6da3dab70 200
[debug] [2021-06-06T09:54:31.793Z] <<< [apiv2][body] POST https://upload-firebasehosting.googleapis.com/upload/sites/ec-app-483f0/versions/26dd60de1a2f5db7/files/c5bd1c69dc0ef4df101bd08900653cc8cb3029dbedfff905b29e49d6da3dab70 [stream]
[debug] [2021-06-06T09:54:31.798Z] <<< [apiv2][status] POST https://upload-firebasehosting.googleapis.com/upload/sites/ec-app-483f0/versions/26dd60de1a2f5db7/files/65c6ecb6192f97a7b3e674b68ee6129941ddc83db480b46ce95eaea24ff40121 200
[debug] [2021-06-06T09:54:31.798Z] <<< [apiv2][body] POST https://upload-firebasehosting.googleapis.com/upload/sites/ec-app-483f0/versions/26dd60de1a2f5db7/files/65c6ecb6192f97a7b3e674b68ee6129941ddc83db480b46ce95eaea24ff40121 [stream]
[debug] [2021-06-06T09:54:31.835Z] <<< [apiv2][status] POST https://upload-firebasehosting.googleapis.com/upload/sites/ec-app-483f0/versions/26dd60de1a2f5db7/files/b72f7455f00e4e58792d2bca892abb068e2213838c0316d6b7a0d6d16acd1955 200
[debug] [2021-06-06T09:54:31.835Z] <<< [apiv2][body] POST https://upload-firebasehosting.googleapis.com/upload/sites/ec-app-483f0/versions/26dd60de1a2f5db7/files/b72f7455f00e4e58792d2bca892abb068e2213838c0316d6b7a0d6d16acd1955 [stream]
[debug] [2021-06-06T09:54:31.846Z] <<< [apiv2][status] POST https://upload-firebasehosting.googleapis.com/upload/sites/ec-app-483f0/versions/26dd60de1a2f5db7/files/391d14b3c2f8c9143a27a28c7399585142228d4d1bdbe2c87ac946de411fa9a2 200
[debug] [2021-06-06T09:54:31.846Z] <<< [apiv2][body] POST https://upload-firebasehosting.googleapis.com/upload/sites/ec-app-483f0/versions/26dd60de1a2f5db7/files/391d14b3c2f8c9143a27a28c7399585142228d4d1bdbe2c87ac946de411fa9a2 [stream]
[debug] [2021-06-06T09:54:31.892Z] <<< [apiv2][status] POST https://upload-firebasehosting.googleapis.com/upload/sites/ec-app-483f0/versions/26dd60de1a2f5db7/files/296215a337d08b9e94daf4aae1c822db5bfde37b22957c7686e5f4fbdd711b72 200
[debug] [2021-06-06T09:54:31.893Z] <<< [apiv2][body] POST https://upload-firebasehosting.googleapis.com/upload/sites/ec-app-483f0/versions/26dd60de1a2f5db7/files/296215a337d08b9e94daf4aae1c822db5bfde37b22957c7686e5f4fbdd711b72 [stream]
[debug] [2021-06-06T09:54:31.951Z] <<< [apiv2][status] POST https://upload-firebasehosting.googleapis.com/upload/sites/ec-app-483f0/versions/26dd60de1a2f5db7/files/547b11bdd72b5591c825bd7ce1831b2720636bb80826d325acba13386982e80d 200
[debug] [2021-06-06T09:54:31.951Z] <<< [apiv2][body] POST https://upload-firebasehosting.googleapis.com/upload/sites/ec-app-483f0/versions/26dd60de1a2f5db7/files/547b11bdd72b5591c825bd7ce1831b2720636bb80826d325acba13386982e80d [stream]
[debug] [2021-06-06T09:54:31.958Z] <<< [apiv2][status] POST https://upload-firebasehosting.googleapis.com/upload/sites/ec-app-483f0/versions/26dd60de1a2f5db7/files/1ca70606dd982d837c6d86c10465b93d350d72ae2627c451e355ac38a177e5bd 200
[debug] [2021-06-06T09:54:31.958Z] <<< [apiv2][body] POST https://upload-firebasehosting.googleapis.com/upload/sites/ec-app-483f0/versions/26dd60de1a2f5db7/files/1ca70606dd982d837c6d86c10465b93d350d72ae2627c451e355ac38a177e5bd [stream]
[debug] [2021-06-06T09:54:32.081Z] <<< [apiv2][status] POST https://upload-firebasehosting.googleapis.com/upload/sites/ec-app-483f0/versions/26dd60de1a2f5db7/files/71ee1d9f2f547c07ce9f3ba6e141993d0177044855d9efdec5260c38d8235580 200
[debug] [2021-06-06T09:54:32.081Z] <<< [apiv2][body] POST https://upload-firebasehosting.googleapis.com/upload/sites/ec-app-483f0/versions/26dd60de1a2f5db7/files/71ee1d9f2f547c07ce9f3ba6e141993d0177044855d9efdec5260c38d8235580 [stream]
[debug] [2021-06-06T09:54:32.274Z] <<< [apiv2][status] POST https://upload-firebasehosting.googleapis.com/upload/sites/ec-app-483f0/versions/26dd60de1a2f5db7/files/191fc21360b4ccfb1cda11a1efb97f489ed22672ca83f4064316802bbfdd750e 200
[debug] [2021-06-06T09:54:32.275Z] <<< [apiv2][body] POST https://upload-firebasehosting.googleapis.com/upload/sites/ec-app-483f0/versions/26dd60de1a2f5db7/files/191fc21360b4ccfb1cda11a1efb97f489ed22672ca83f4064316802bbfdd750e [stream]
[debug] [2021-06-06T09:54:32.434Z] <<< [apiv2][status] POST https://upload-firebasehosting.googleapis.com/upload/sites/ec-app-483f0/versions/26dd60de1a2f5db7/files/6c85ca4c8a8808fc021eeb18156fa0a532b21515dc9761896fe62903e927e5d6 200
[debug] [2021-06-06T09:54:32.434Z] <<< [apiv2][body] POST https://upload-firebasehosting.googleapis.com/upload/sites/ec-app-483f0/versions/26dd60de1a2f5db7/files/6c85ca4c8a8808fc021eeb18156fa0a532b21515dc9761896fe62903e927e5d6 [stream]
[debug] [2021-06-06T09:54:32.434Z] [hosting][upload queue][FINAL] {"max":2299,"min":1323,"avg":1645.388888888889,"active":0,"complete":18,"success":18,"errored":0,"retried":0,"total":18,"elapsed":2303}
[info] ✔  hosting[ec-app-483f0]: file upload complete 
[debug] [2021-06-06T09:54:32.435Z] [hosting] deploy completed after 3535ms
[debug] [2021-06-06T09:54:32.436Z] [rules] releasing firebase.storage/ec-app-483f0.appspot.com with ruleset projects/ec-app-483f0/rulesets/3de85778-df73-4e6c-940d-5e8f4339993f
[debug] [2021-06-06T09:54:32.437Z] > refreshing access token with scopes: ["email","https://www.googleapis.com/auth/cloud-platform","https://www.googleapis.com/auth/cloudplatformprojects.readonly","https://www.googleapis.com/auth/firebase","openid"]
[debug] [2021-06-06T09:54:32.437Z] >>> HTTP REQUEST POST https://www.googleapis.com/oauth2/v3/token  
 <request body omitted>
[debug] [2021-06-06T09:54:32.574Z] <<< HTTP RESPONSE 200 {"expires":"Mon, 01 Jan 1990 00:00:00 GMT","cache-control":"no-cache, no-store, max-age=0, must-revalidate","pragma":"no-cache","date":"Sun, 06 Jun 2021 09:54:32 GMT","content-type":"application/json; charset=utf-8","vary":"X-Origin, Referer, Origin,Accept-Encoding","server":"scaffolding on HTTPServer2","x-xss-protection":"0","x-frame-options":"SAMEORIGIN","x-content-type-options":"nosniff","alt-svc":"h3-29=\":443\"; ma=2592000,h3-T051=\":443\"; ma=2592000,h3-Q050=\":443\"; ma=2592000,h3-Q046=\":443\"; ma=2592000,h3-Q043=\":443\"; ma=2592000,quic=\":443\"; ma=2592000; v=\"46,43\"","accept-ranges":"none","transfer-encoding":"chunked"}
[debug] [2021-06-06T09:54:32.623Z] >>> HTTP REQUEST PATCH https://firebaserules.googleapis.com/v1/projects/ec-app-483f0/releases/firebase.storage/ec-app-483f0.appspot.com  
 {"release":{"name":"projects/ec-app-483f0/releases/firebase.storage/ec-app-483f0.appspot.com","rulesetName":"projects/ec-app-483f0/rulesets/3de85778-df73-4e6c-940d-5e8f4339993f"}}
[debug] [2021-06-06T09:54:33.711Z] <<< HTTP RESPONSE 200 {"content-type":"application/json; charset=UTF-8","vary":"X-Origin, Referer, Origin,Accept-Encoding","date":"Sun, 06 Jun 2021 09:54:33 GMT","server":"ESF","cache-control":"private","x-xss-protection":"0","x-frame-options":"SAMEORIGIN","x-content-type-options":"nosniff","alt-svc":"h3-29=\":443\"; ma=2592000,h3-T051=\":443\"; ma=2592000,h3-Q050=\":443\"; ma=2592000,h3-Q046=\":443\"; ma=2592000,h3-Q043=\":443\"; ma=2592000,quic=\":443\"; ma=2592000; v=\"46,43\"","accept-ranges":"none","transfer-encoding":"chunked"}
[debug] [2021-06-06T09:54:33.712Z] [rules] updated release projects/ec-app-483f0/releases/firebase.storage/ec-app-483f0.appspot.com
[info] ✔  storage: released rules storage.rules to firebase.storage 
[debug] [2021-06-06T09:54:33.713Z] [rules] releasing cloud.firestore with ruleset projects/ec-app-483f0/rulesets/a78c0852-ff58-40e7-994e-b948212fd098
[debug] [2021-06-06T09:54:33.713Z] >>> HTTP REQUEST PATCH https://firebaserules.googleapis.com/v1/projects/ec-app-483f0/releases/cloud.firestore  
 {"release":{"name":"projects/ec-app-483f0/releases/cloud.firestore","rulesetName":"projects/ec-app-483f0/rulesets/a78c0852-ff58-40e7-994e-b948212fd098"}}
[debug] [2021-06-06T09:54:34.120Z] <<< HTTP RESPONSE 200 {"content-type":"application/json; charset=UTF-8","vary":"X-Origin, Referer, Origin,Accept-Encoding","date":"Sun, 06 Jun 2021 09:54:33 GMT","server":"ESF","cache-control":"private","x-xss-protection":"0","x-frame-options":"SAMEORIGIN","x-content-type-options":"nosniff","alt-svc":"h3-29=\":443\"; ma=2592000,h3-T051=\":443\"; ma=2592000,h3-Q050=\":443\"; ma=2592000,h3-Q046=\":443\"; ma=2592000,h3-Q043=\":443\"; ma=2592000,quic=\":443\"; ma=2592000; v=\"46,43\"","accept-ranges":"none","transfer-encoding":"chunked"}
[debug] [2021-06-06T09:54:34.121Z] [rules] updated release projects/ec-app-483f0/releases/cloud.firestore
[info] ✔  firestore: released rules firestore.rules to cloud.firestore 
[debug] [2021-06-06T09:54:34.277Z] TypeError: Reduce of empty array with no initial value
    at Array.reduce (<anonymous>)
    at release (/Users/user/.nodebrew/node/v16.2.0/lib/node_modules/firebase-tools/lib/deploy/functions/release.js:47:10)
    at runMicrotasks (<anonymous>)
    at processTicksAndRejections (node:internal/process/task_queues:96:5)
[error] 
[error] Error: An unexpected error has occurred.
